<?xml version="1.0" encoding="UTF-8"?>
<!-- Generated by org.testng.reporters.JUnitXMLReporter -->
<testsuite ignored="0" hostname="LAPTOP-2N27VAFV" failures="0" tests="4" name="Default test" time="0.043" errors="0" timestamp="2021-06-21T12:01:36 IST">
  <testcase classname="com.maven.testng.TestNg.DataProviderFeature" name="credentials" time="0.007"/>
  <testcase classname="com.maven.testng.TestNg.DataProviderFeature" name="credentials" time="0.002"/>
  <testcase classname="com.maven.testng.TestNg.DataProviderFeature" name="credentials" time="0.001"/>
  <testcase classname="com.maven.testng.TestNg.DataProviderFeature" name="credentials" time="0.0"/>
</testsuite> <!-- Default test -->
